<?xml version="1.0" encoding="UTF-8"?>
<testsuite name="io.hexlet.project_devops_deploy.controller.BulletinControllerTest" tests="5" skipped="0" failures="0" errors="0" timestamp="2026-09-11T07:54:59.289Z" hostname="KirillPC" time="8.888">
  <properties/>
  <testcase name="testIndex()" classname="io.hexlet.project_devops_deploy.controller.BulletinControllerTest" time="0.821"/>
  <testcase name="testShow()" classname="io.hexlet.project_devops_deploy.controller.BulletinControllerTest" time="0.05"/>
  <testcase name="testCreate()" classname="io.hexlet.project_devops_deploy.controller.BulletinControllerTest" time="0.114"/>
  <testcase name="testDelete()" classname="io.hexlet.project_devops_deploy.controller.BulletinControllerTest" time="0.046"/>
  <testcase name="testUpdate()" classname="io.hexlet.project_devops_deploy.controller.BulletinControllerTest" time="0.043"/>
  <system-out><![CDATA[10:54:59.510 [Test worker] INFO org.springframework.test.context.support.AnnotationConfigContextLoaderUtils -- Could not detect default configuration classes for test class [io.hexlet.project_devops_deploy.controller.BulletinControllerTest]: BulletinControllerTest does not declare any static, non-private, non-final, nested classes annotated with @Configuration.
10:54:59.688 [Test worker] INFO org.springframework.boot.test.context.SpringBootTestContextBootstrapper -- Found @SpringBootConfiguration io.hexlet.project_devops_deploy.DemoApplication for test class io.hexlet.project_devops_deploy.controller.BulletinControllerTest
10:54:59.779 [Test worker] INFO org.springframework.test.context.support.AnnotationConfigContextLoaderUtils -- Could not detect default configuration classes for test class [io.hexlet.project_devops_deploy.controller.BulletinControllerTest]: BulletinControllerTest does not declare any static, non-private, non-final, nested classes annotated with @Configuration.
10:54:59.788 [Test worker] INFO org.springframework.boot.test.context.SpringBootTestContextBootstrapper -- Found @SpringBootConfiguration io.hexlet.project_devops_deploy.DemoApplication for test class io.hexlet.project_devops_deploy.controller.BulletinControllerTest

  .   ____          _            __ _ _
 /\\ / ___'_ __ _ _(_)_ __  __ _ \ \ \ \
( ( )\___ | '_ | '_| | '_ \/ _` | \ \ \ \
 \\/  ___)| |_)| | | | | || (_| |  ) ) ) )
  '  |____| .__|_| |_|_| |_\__, | / / / /
 =========|_|==============|___/=/_/_/_/

?[32m :: Spring Boot :: ?[39m              ?[2m (v4.1.1)?[0;39m

{"@timestamp":"2026-09-11T07:55:00.591567439Z","app":"bulletins","environment":"dev","instance":"KirillPC","logger_name":"io.hexlet.project_devops_deploy.controller.BulletinControllerTest","thread_name":"Test worker","level":"INFO","message":"Starting BulletinControllerTest using Java 21.0.12 with PID 2705 (started by kirill in /home/kirill/project-devops-deploy)"}
{"@timestamp":"2026-09-11T07:55:00.603754921Z","app":"bulletins","environment":"dev","instance":"KirillPC","logger_name":"io.hexlet.project_devops_deploy.controller.BulletinControllerTest","thread_name":"Test worker","level":"DEBUG","message":"Running with Spring Boot v4.1.1, Spring v7.0.9"}
{"@timestamp":"2026-09-11T07:55:00.60510857Z","app":"bulletins","environment":"dev","instance":"KirillPC","logger_name":"io.hexlet.project_devops_deploy.controller.BulletinControllerTest","thread_name":"Test worker","level":"INFO","message":"No active profile set, falling back to 1 default profile: \"dev\""}
{"@timestamp":"2026-09-11T07:55:00.628096475Z","app":"bulletins","environment":"dev","instance":"KirillPC","logger_name":"org.springframework.web.context.support.GenericWebApplicationContext","thread_name":"Test worker","level":"DEBUG","message":"Refreshing org.springframework.web.context.support.GenericWebApplicationContext@611b35d6"}
{"@timestamp":"2026-09-11T07:55:00.723441316Z","app":"bulletins","environment":"dev","instance":"KirillPC","logger_name":"org.hibernate.validator.internal.util.Version","thread_name":"background-preinit","level":"INFO","message":"HV000001: Hibernate Validator 9.1.3.Final"}
{"@timestamp":"2026-09-11T07:55:01.726590329Z","app":"bulletins","environment":"dev","instance":"KirillPC","logger_name":"org.springframework.data.repository.config.RepositoryConfigurationDelegate","thread_name":"Test worker","level":"INFO","message":"Bootstrapping Spring Data JPA repositories in DEFAULT mode."}
{"@timestamp":"2026-09-11T07:55:01.800848362Z","app":"bulletins","environment":"dev","instance":"KirillPC","logger_name":"org.springframework.data.repository.config.RepositoryConfigurationDelegate","thread_name":"Test worker","level":"INFO","message":"Finished Spring Data repository scanning in 63 ms. Found 1 JPA repository interface."}
{"@timestamp":"2026-09-11T07:55:02.663774972Z","app":"bulletins","environment":"dev","instance":"KirillPC","logger_name":"org.hibernate.orm.jpa","thread_name":"Test worker","level":"INFO","message":"HHH008540: Processing PersistenceUnitInfo [name: default]"}
{"@timestamp":"2026-09-11T07:55:02.730569542Z","app":"bulletins","environment":"dev","instance":"KirillPC","logger_name":"org.hibernate.orm.core","thread_name":"Test worker","level":"INFO","message":"HHH000001: Hibernate ORM core version 7.4.5.Final"}
{"@timestamp":"2026-09-11T07:55:03.21677209Z","app":"bulletins","environment":"dev","instance":"KirillPC","logger_name":"org.springframework.orm.jpa.persistenceunit.SpringPersistenceUnitInfo","thread_name":"Test worker","level":"INFO","message":"No LoadTimeWeaver setup: ignoring JPA class transformer"}
{"@timestamp":"2026-09-11T07:55:03.249403706Z","app":"bulletins","environment":"dev","instance":"KirillPC","logger_name":"com.zaxxer.hikari.HikariDataSource","thread_name":"Test worker","level":"INFO","message":"HikariPool-1 - Starting..."}
{"@timestamp":"2026-09-11T07:55:03.435346194Z","app":"bulletins","environment":"dev","instance":"KirillPC","logger_name":"com.zaxxer.hikari.pool.HikariPool","thread_name":"Test worker","level":"INFO","message":"HikariPool-1 - Added connection conn0: url=jdbc:h2:mem:bulletins user=SA"}
{"@timestamp":"2026-09-11T07:55:03.437797253Z","app":"bulletins","environment":"dev","instance":"KirillPC","logger_name":"com.zaxxer.hikari.HikariDataSource","thread_name":"Test worker","level":"INFO","message":"HikariPool-1 - Start completed."}
{"@timestamp":"2026-09-11T07:55:03.509248847Z","app":"bulletins","environment":"dev","instance":"KirillPC","logger_name":"org.hibernate.orm.connections.pooling","thread_name":"Test worker","level":"INFO","message":"HHH10001005: Database info:\n\tDatabase JDBC URL [jdbc:h2:mem:bulletins]\n\tDatabase driver: H2 JDBC Driver\n\tDatabase dialect: H2Dialect\n\tDatabase version: 2.4.240\n\tDefault catalog/schema: BULLETINS/PUBLIC\n\tAutocommit mode: undefined/unknown\n\tIsolation level: READ_COMMITTED [default READ_COMMITTED]\n\tJDBC fetch size: 100\n\tPool: DataSourceConnectionProvider\n\tMinimum pool size: undefined/unknown\n\tMaximum pool size: undefined/unknown"}
{"@timestamp":"2026-09-11T07:55:04.529225624Z","app":"bulletins","environment":"dev","instance":"KirillPC","logger_name":"org.hibernate.orm.core","thread_name":"Test worker","level":"INFO","message":"HHH000489: No JTA platform available (set 'hibernate.transaction.jta.platform' to enable JTA platform integration)"}
Hibernate: 
    create table bulletins (
        id bigint generated by default as identity,
        contact varchar(255) not null,
        created_at timestamp(6) not null,
        description TEXT not null,
        image_key varchar(255),
        price numeric(12,2) not null,
        state enum ('DRAFT','PUBLISHED') not null,
        title varchar(255) not null,
        updated_at timestamp(6) not null,
        primary key (id)
    )
{"@timestamp":"2026-09-11T07:55:04.631633331Z","app":"bulletins","environment":"dev","instance":"KirillPC","logger_name":"org.springframework.orm.jpa.LocalContainerEntityManagerFactoryBean","thread_name":"Test worker","level":"INFO","message":"Initialized JPA EntityManagerFactory for persistence unit 'default'"}
{"@timestamp":"2026-09-11T07:55:04.721126446Z","app":"bulletins","environment":"dev","instance":"KirillPC","logger_name":"org.springframework.data.jpa.repository.query.QueryEnhancerFactories","thread_name":"Test worker","level":"INFO","message":"Hibernate is in classpath; If applicable, HQL parser will be used."}
{"@timestamp":"2026-09-11T07:55:04.978059623Z","app":"bulletins","environment":"dev","instance":"KirillPC","logger_name":"io.hexlet.project_devops_deploy.component.DataInitializer","thread_name":"Test worker","level":"INFO","message":"Loaded 10 sample images for seeding"}
{"@timestamp":"2026-09-11T07:55:05.237053472Z","app":"bulletins","environment":"dev","instance":"KirillPC","logger_name":"org.springframework.boot.jpa.autoconfigure.JpaBaseConfiguration$JpaWebConfiguration","thread_name":"Test worker","level":"WARN","message":"spring.jpa.open-in-view is enabled by default. Therefore, database queries may be performed during view rendering. Explicitly configure spring.jpa.open-in-view to disable this warning"}
{"@timestamp":"2026-09-11T07:55:05.466655652Z","app":"bulletins","environment":"dev","instance":"KirillPC","logger_name":"org.springframework.web.servlet.mvc.method.annotation.RequestMappingHandlerMapping","thread_name":"Test worker","level":"DEBUG","message":"14 mappings in 'requestMappingHandlerMapping'"}
{"@timestamp":"2026-09-11T07:55:05.520174388Z","app":"bulletins","environment":"dev","instance":"KirillPC","logger_name":"org.springframework.web.servlet.handler.SimpleUrlHandlerMapping","thread_name":"Test worker","level":"DEBUG","message":"Patterns [/webjars/**, /**, /swagger-ui/**, /swagger-ui/*index.html, /swagger-ui/*swagger-initializer.js, /webjars/*swagger-ui/**, /webjars/*swagger-ui/*index.html, /webjars/*swagger-ui/5.32.11/*index.html, /webjars/*swagger-ui/*swagger-initializer.js, /webjars/*swagger-ui/5.32.11/*swagger-initializer.js] in 'resourceHandlerMapping'"}
{"@timestamp":"2026-09-11T07:55:05.555820411Z","app":"bulletins","environment":"dev","instance":"KirillPC","logger_name":"org.springframework.web.servlet.mvc.method.annotation.RequestMappingHandlerAdapter","thread_name":"Test worker","level":"DEBUG","message":"ControllerAdvice beans: 0 @ModelAttribute, 0 @InitBinder, 2 RequestBodyAdvice, 1 ResponseBodyAdvice"}
{"@timestamp":"2026-09-11T07:55:05.602966745Z","app":"bulletins","environment":"dev","instance":"KirillPC","logger_name":"org.springframework.web.servlet.mvc.method.annotation.ExceptionHandlerExceptionResolver","thread_name":"Test worker","level":"DEBUG","message":"ControllerAdvice beans: 1 @ExceptionHandler, 1 ResponseBodyAdvice"}
{"@timestamp":"2026-09-11T07:55:06.205757672Z","app":"bulletins","environment":"dev","instance":"KirillPC","logger_name":"org.springframework.web.filter.ServerHttpObservationFilter","thread_name":"Test worker","level":"DEBUG","message":"Filter 'webMvcObservationFilter' configured for use"}
{"@timestamp":"2026-09-11T07:55:06.206670985Z","app":"bulletins","environment":"dev","instance":"KirillPC","logger_name":"org.springframework.boot.test.mock.web.SpringBootMockServletContext","thread_name":"Test worker","level":"INFO","message":"Initializing Spring TestDispatcherServlet ''"}
{"@timestamp":"2026-09-11T07:55:06.207102754Z","app":"bulletins","environment":"dev","instance":"KirillPC","logger_name":"org.springframework.test.web.servlet.TestDispatcherServlet","thread_name":"Test worker","level":"INFO","message":"Initializing Servlet ''"}
{"@timestamp":"2026-09-11T07:55:06.209331499Z","app":"bulletins","environment":"dev","instance":"KirillPC","logger_name":"org.springframework.test.web.servlet.TestDispatcherServlet","thread_name":"Test worker","level":"INFO","message":"Completed initialization in 2 ms"}
{"@timestamp":"2026-09-11T07:55:06.294369172Z","app":"bulletins","environment":"dev","instance":"KirillPC","logger_name":"io.hexlet.project_devops_deploy.controller.BulletinControllerTest","thread_name":"Test worker","level":"INFO","message":"Started BulletinControllerTest in 6.419 seconds (process running for 8.199)"}
Hibernate: 
    select
        count(*) 
    from
        bulletins b1_0
Hibernate: 
    insert 
    into
        bulletins
        (contact, created_at, description, image_key, price, state, title, updated_at, id) 
    values
        (?, ?, ?, ?, ?, ?, ?, ?, default)
Hibernate: 
    insert 
    into
        bulletins
        (contact, created_at, description, image_key, price, state, title, updated_at, id) 
    values
        (?, ?, ?, ?, ?, ?, ?, ?, default)
Hibernate: 
    insert 
    into
        bulletins
        (contact, created_at, description, image_key, price, state, title, updated_at, id) 
    values
        (?, ?, ?, ?, ?, ?, ?, ?, default)
Hibernate: 
    insert 
    into
        bulletins
        (contact, created_at, description, image_key, price, state, title, updated_at, id) 
    values
        (?, ?, ?, ?, ?, ?, ?, ?, default)
Hibernate: 
    insert 
    into
        bulletins
        (contact, created_at, description, image_key, price, state, title, updated_at, id) 
    values
        (?, ?, ?, ?, ?, ?, ?, ?, default)
Hibernate: 
    insert 
    into
        bulletins
        (contact, created_at, description, image_key, price, state, title, updated_at, id) 
    values
        (?, ?, ?, ?, ?, ?, ?, ?, default)
Hibernate: 
    insert 
    into
        bulletins
        (contact, created_at, description, image_key, price, state, title, updated_at, id) 
    values
        (?, ?, ?, ?, ?, ?, ?, ?, default)
Hibernate: 
    insert 
    into
        bulletins
        (contact, created_at, description, image_key, price, state, title, updated_at, id) 
    values
        (?, ?, ?, ?, ?, ?, ?, ?, default)
Hibernate: 
    insert 
    into
        bulletins
        (contact, created_at, description, image_key, price, state, title, updated_at, id) 
    values
        (?, ?, ?, ?, ?, ?, ?, ?, default)
Hibernate: 
    insert 
    into
        bulletins
        (contact, created_at, description, image_key, price, state, title, updated_at, id) 
    values
        (?, ?, ?, ?, ?, ?, ?, ?, default)
{"@timestamp":"2026-09-11T07:55:07.084732013Z","app":"bulletins","environment":"dev","instance":"KirillPC","logger_name":"org.springdoc.core.events.SpringDocAppInitializer","thread_name":"Test worker","level":"WARN","message":"SpringDoc /v3/api-docs endpoint is enabled by default. To disable it in production, set the property 'springdoc.api-docs.enabled=false'"}
{"@timestamp":"2026-09-11T07:55:07.085203234Z","app":"bulletins","environment":"dev","instance":"KirillPC","logger_name":"org.springdoc.core.events.SpringDocAppInitializer","thread_name":"Test worker","level":"WARN","message":"SpringDoc /swagger-ui.html endpoint is enabled by default. To disable it in production, set the property 'springdoc.swagger-ui.enabled=false'"}
Hibernate: 
    select
        b1_0.id,
        b1_0.contact,
        b1_0.created_at,
        b1_0.description,
        b1_0.image_key,
        b1_0.price,
        b1_0.state,
        b1_0.title,
        b1_0.updated_at 
    from
        bulletins b1_0
Hibernate: 
    delete 
    from
        bulletins 
    where
        id=?
Hibernate: 
    delete 
    from
        bulletins 
    where
        id=?
Hibernate: 
    delete 
    from
        bulletins 
    where
        id=?
Hibernate: 
    delete 
    from
        bulletins 
    where
        id=?
Hibernate: 
    delete 
    from
        bulletins 
    where
        id=?
Hibernate: 
    delete 
    from
        bulletins 
    where
        id=?
Hibernate: 
    delete 
    from
        bulletins 
    where
        id=?
Hibernate: 
    delete 
    from
        bulletins 
    where
        id=?
Hibernate: 
    delete 
    from
        bulletins 
    where
        id=?
Hibernate: 
    delete 
    from
        bulletins 
    where
        id=?
Hibernate: 
    insert 
    into
        bulletins
        (contact, created_at, description, image_key, price, state, title, updated_at, id) 
    values
        (?, ?, ?, ?, ?, ?, ?, ?, default)
Hibernate: 
    insert 
    into
        bulletins
        (contact, created_at, description, image_key, price, state, title, updated_at, id) 
    values
        (?, ?, ?, ?, ?, ?, ?, ?, default)
{"@timestamp":"2026-09-11T07:55:07.66618639Z","app":"bulletins","environment":"dev","instance":"KirillPC","logger_name":"org.springframework.web.servlet.mvc.method.annotation.RequestMappingHandlerMapping","thread_name":"Test worker","level":"DEBUG","message":"Mapped to io.hexlet.project_devops_deploy.controller.BulletinController#index(int, int, String, Direction, Map)"}
Hibernate: 
    select
        b1_0.id,
        b1_0.contact,
        b1_0.created_at,
        b1_0.description,
        b1_0.image_key,
        b1_0.price,
        b1_0.state,
        b1_0.title,
        b1_0.updated_at 
    from
        bulletins b1_0 
    order by
        b1_0.created_at desc 
    offset
        ? rows 
    fetch
        first ? rows only
{"@timestamp":"2026-09-11T07:55:07.766203996Z","app":"bulletins","environment":"dev","instance":"KirillPC","logger_name":"org.springframework.web.servlet.mvc.method.annotation.RequestResponseBodyMethodProcessor","thread_name":"Test worker","level":"DEBUG","message":"Using 'application/json', given [*/*] and supported [application/json, application/*+json, application/yaml]"}
{"@timestamp":"2026-09-11T07:55:07.770851824Z","app":"bulletins","environment":"dev","instance":"KirillPC","logger_name":"org.springframework.web.servlet.mvc.method.annotation.RequestResponseBodyMethodProcessor","thread_name":"Test worker","level":"DEBUG","message":"Writing [PageResponse[data=[io.hexlet.project_devops_deploy.dto.BulletinDto@671bda0b, io.hexlet.project_devop (truncated)...]"}
Hibernate: 
    select
        b1_0.id,
        b1_0.contact,
        b1_0.created_at,
        b1_0.description,
        b1_0.image_key,
        b1_0.price,
        b1_0.state,
        b1_0.title,
        b1_0.updated_at 
    from
        bulletins b1_0
Hibernate: 
    delete 
    from
        bulletins 
    where
        id=?
Hibernate: 
    delete 
    from
        bulletins 
    where
        id=?
Hibernate: 
    insert 
    into
        bulletins
        (contact, created_at, description, image_key, price, state, title, updated_at, id) 
    values
        (?, ?, ?, ?, ?, ?, ?, ?, default)
{"@timestamp":"2026-09-11T07:55:07.93873141Z","app":"bulletins","environment":"dev","instance":"KirillPC","logger_name":"org.springframework.web.servlet.mvc.method.annotation.RequestMappingHandlerMapping","thread_name":"Test worker","level":"DEBUG","message":"Mapped to io.hexlet.project_devops_deploy.controller.BulletinController#show(Long)"}
Hibernate: 
    select
        b1_0.id,
        b1_0.contact,
        b1_0.created_at,
        b1_0.description,
        b1_0.image_key,
        b1_0.price,
        b1_0.state,
        b1_0.title,
        b1_0.updated_at 
    from
        bulletins b1_0 
    where
        b1_0.id=?
{"@timestamp":"2026-09-11T07:55:07.961655727Z","app":"bulletins","environment":"dev","instance":"KirillPC","logger_name":"org.springframework.web.servlet.mvc.method.annotation.RequestResponseBodyMethodProcessor","thread_name":"Test worker","level":"DEBUG","message":"Using 'application/json', given [*/*] and supported [application/json, application/*+json, application/yaml]"}
{"@timestamp":"2026-09-11T07:55:07.96228083Z","app":"bulletins","environment":"dev","instance":"KirillPC","logger_name":"org.springframework.web.servlet.mvc.method.annotation.RequestResponseBodyMethodProcessor","thread_name":"Test worker","level":"DEBUG","message":"Writing [io.hexlet.project_devops_deploy.dto.BulletinDto@fdbf68d]"}
Hibernate: 
    select
        b1_0.id,
        b1_0.contact,
        b1_0.created_at,
        b1_0.description,
        b1_0.image_key,
        b1_0.price,
        b1_0.state,
        b1_0.title,
        b1_0.updated_at 
    from
        bulletins b1_0
Hibernate: 
    delete 
    from
        bulletins 
    where
        id=?
{"@timestamp":"2026-09-11T07:55:07.987404429Z","app":"bulletins","environment":"dev","instance":"KirillPC","logger_name":"org.springframework.web.servlet.mvc.method.annotation.RequestMappingHandlerMapping","thread_name":"Test worker","level":"DEBUG","message":"Mapped to io.hexlet.project_devops_deploy.controller.BulletinController#create(BulletinRequest)"}
{"@timestamp":"2026-09-11T07:55:08.024878729Z","app":"bulletins","environment":"dev","instance":"KirillPC","logger_name":"org.springframework.web.servlet.mvc.method.annotation.RequestResponseBodyMethodProcessor","thread_name":"Test worker","level":"DEBUG","message":"Read \"application/json;charset=UTF-8\" to [io.hexlet.project_devops_deploy.dto.BulletinRequest@74d82196]"}
Hibernate: 
    insert 
    into
        bulletins
        (contact, created_at, description, image_key, price, state, title, updated_at, id) 
    values
        (?, ?, ?, ?, ?, ?, ?, ?, default)
{"@timestamp":"2026-09-11T07:55:08.070918634Z","app":"bulletins","environment":"dev","instance":"KirillPC","logger_name":"org.springframework.web.servlet.mvc.method.annotation.RequestResponseBodyMethodProcessor","thread_name":"Test worker","level":"DEBUG","message":"Using 'application/json', given [*/*] and supported [application/json, application/*+json, application/yaml]"}
{"@timestamp":"2026-09-11T07:55:08.071338351Z","app":"bulletins","environment":"dev","instance":"KirillPC","logger_name":"org.springframework.web.servlet.mvc.method.annotation.RequestResponseBodyMethodProcessor","thread_name":"Test worker","level":"DEBUG","message":"Writing [io.hexlet.project_devops_deploy.dto.BulletinDto@6fab6ea2]"}
{"@timestamp":"2026-09-11T07:55:08.075707151Z","app":"bulletins","environment":"dev","instance":"KirillPC","logger_name":"org.springframework.web.servlet.mvc.method.annotation.RequestMappingHandlerMapping","thread_name":"Test worker","level":"DEBUG","message":"Mapped to io.hexlet.project_devops_deploy.controller.BulletinController#index(int, int, String, Direction, Map)"}
Hibernate: 
    select
        b1_0.id,
        b1_0.contact,
        b1_0.created_at,
        b1_0.description,
        b1_0.image_key,
        b1_0.price,
        b1_0.state,
        b1_0.title,
        b1_0.updated_at 
    from
        bulletins b1_0 
    order by
        b1_0.created_at desc 
    offset
        ? rows 
    fetch
        first ? rows only
{"@timestamp":"2026-09-11T07:55:08.080864648Z","app":"bulletins","environment":"dev","instance":"KirillPC","logger_name":"org.springframework.web.servlet.mvc.method.annotation.RequestResponseBodyMethodProcessor","thread_name":"Test worker","level":"DEBUG","message":"Using 'application/json', given [*/*] and supported [application/json, application/*+json, application/yaml]"}
{"@timestamp":"2026-09-11T07:55:08.08138672Z","app":"bulletins","environment":"dev","instance":"KirillPC","logger_name":"org.springframework.web.servlet.mvc.method.annotation.RequestResponseBodyMethodProcessor","thread_name":"Test worker","level":"DEBUG","message":"Writing [PageResponse[data=[io.hexlet.project_devops_deploy.dto.BulletinDto@7bd7012d], total=1]]"}
Hibernate: 
    select
        b1_0.id,
        b1_0.contact,
        b1_0.created_at,
        b1_0.description,
        b1_0.image_key,
        b1_0.price,
        b1_0.state,
        b1_0.title,
        b1_0.updated_at 
    from
        bulletins b1_0
Hibernate: 
    delete 
    from
        bulletins 
    where
        id=?
Hibernate: 
    insert 
    into
        bulletins
        (contact, created_at, description, image_key, price, state, title, updated_at, id) 
    values
        (?, ?, ?, ?, ?, ?, ?, ?, default)
{"@timestamp":"2026-09-11T07:55:08.105365965Z","app":"bulletins","environment":"dev","instance":"KirillPC","logger_name":"org.springframework.web.servlet.mvc.method.annotation.RequestMappingHandlerMapping","thread_name":"Test worker","level":"DEBUG","message":"Mapped to io.hexlet.project_devops_deploy.controller.BulletinController#delete(Long)"}
Hibernate: 
    select
        b1_0.id,
        b1_0.contact,
        b1_0.created_at,
        b1_0.description,
        b1_0.image_key,
        b1_0.price,
        b1_0.state,
        b1_0.title,
        b1_0.updated_at 
    from
        bulletins b1_0 
    where
        b1_0.id=?
Hibernate: 
    delete 
    from
        bulletins 
    where
        id=?
{"@timestamp":"2026-09-11T07:55:08.119013252Z","app":"bulletins","environment":"dev","instance":"KirillPC","logger_name":"org.springframework.web.servlet.mvc.method.annotation.RequestMappingHandlerMapping","thread_name":"Test worker","level":"DEBUG","message":"Mapped to io.hexlet.project_devops_deploy.controller.BulletinController#show(Long)"}
Hibernate: 
    select
        b1_0.id,
        b1_0.contact,
        b1_0.created_at,
        b1_0.description,
        b1_0.image_key,
        b1_0.price,
        b1_0.state,
        b1_0.title,
        b1_0.updated_at 
    from
        bulletins b1_0 
    where
        b1_0.id=?
{"@timestamp":"2026-09-11T07:55:08.12782421Z","app":"bulletins","environment":"dev","instance":"KirillPC","logger_name":"org.springframework.web.servlet.mvc.annotation.ResponseStatusExceptionResolver","thread_name":"Test worker","level":"DEBUG","message":"Resolved [io.hexlet.project_devops_deploy.exception.ResourceNotFoundException: Bulletin 15 not found]"}
Hibernate: 
    select
        b1_0.id,
        b1_0.contact,
        b1_0.created_at,
        b1_0.description,
        b1_0.image_key,
        b1_0.price,
        b1_0.state,
        b1_0.title,
        b1_0.updated_at 
    from
        bulletins b1_0
Hibernate: 
    insert 
    into
        bulletins
        (contact, created_at, description, image_key, price, state, title, updated_at, id) 
    values
        (?, ?, ?, ?, ?, ?, ?, ?, default)
{"@timestamp":"2026-09-11T07:55:08.152266589Z","app":"bulletins","environment":"dev","instance":"KirillPC","logger_name":"org.springframework.web.servlet.mvc.method.annotation.RequestMappingHandlerMapping","thread_name":"Test worker","level":"DEBUG","message":"Mapped to io.hexlet.project_devops_deploy.controller.BulletinController#update(Long, BulletinRequest)"}
{"@timestamp":"2026-09-11T07:55:08.153875356Z","app":"bulletins","environment":"dev","instance":"KirillPC","logger_name":"org.springframework.web.servlet.mvc.method.annotation.RequestResponseBodyMethodProcessor","thread_name":"Test worker","level":"DEBUG","message":"Read \"application/json;charset=UTF-8\" to [io.hexlet.project_devops_deploy.dto.BulletinRequest@18a59ef8]"}
Hibernate: 
    select
        b1_0.id,
        b1_0.contact,
        b1_0.created_at,
        b1_0.description,
        b1_0.image_key,
        b1_0.price,
        b1_0.state,
        b1_0.title,
        b1_0.updated_at 
    from
        bulletins b1_0 
    where
        b1_0.id=?
Hibernate: 
    update
        bulletins 
    set
        contact=?,
        description=?,
        image_key=?,
        price=?,
        state=?,
        title=?,
        updated_at=? 
    where
        id=?
{"@timestamp":"2026-09-11T07:55:08.170459177Z","app":"bulletins","environment":"dev","instance":"KirillPC","logger_name":"org.springframework.web.servlet.mvc.method.annotation.RequestResponseBodyMethodProcessor","thread_name":"Test worker","level":"DEBUG","message":"Using 'application/json', given [*/*] and supported [application/json, application/*+json, application/yaml]"}
{"@timestamp":"2026-09-11T07:55:08.171216464Z","app":"bulletins","environment":"dev","instance":"KirillPC","logger_name":"org.springframework.web.servlet.mvc.method.annotation.RequestResponseBodyMethodProcessor","thread_name":"Test worker","level":"DEBUG","message":"Writing [io.hexlet.project_devops_deploy.dto.BulletinDto@20cb33f1]"}
]]></system-out>
  <system-err><![CDATA[Mockito is currently self-attaching to enable the inline-mock-maker. This will no longer work in future releases of the JDK. Please add Mockito as an agent to your build as described in Mockito's documentation: https://javadoc.io/doc/org.mockito/mockito-core/latest/org.mockito/org/mockito/Mockito.html#0.3
WARNING: A Java agent has been loaded dynamically (/home/kirill/.gradle/caches/modules-2/files-2.1/net.bytebuddy/byte-buddy-agent/1.18.11/82212e5b3633e7a65fca8bec525762cfb6c9bae4/byte-buddy-agent-1.18.11.jar)
WARNING: If a serviceability tool is in use, please run with -XX:+EnableDynamicAgentLoading to hide this warning
WARNING: If a serviceability tool is not in use, please run with -Djdk.instrument.traceUsage for more information
WARNING: Dynamic loading of agents will be disallowed by default in a future release
]]></system-err>
</testsuite>
