<?xml version="1.0" encoding="UTF-8"?>
<testsuite name="io.hexlet.project_devops_deploy.controller.FileControllerTest" tests="1" skipped="0" failures="0" errors="0" timestamp="2026-09-11T07:55:08.181Z" hostname="KirillPC" time="0.035">
  <properties/>
  <testcase name="testUploadAndView()" classname="io.hexlet.project_devops_deploy.controller.FileControllerTest" time="0.024"/>
  <system-out><![CDATA[{"@timestamp":"2026-09-11T07:55:08.183537603Z","app":"bulletins","environment":"dev","instance":"KirillPC","logger_name":"org.springframework.test.context.support.AnnotationConfigContextLoaderUtils","thread_name":"Test worker","level":"INFO","message":"Could not detect default configuration classes for test class [io.hexlet.project_devops_deploy.controller.FileControllerTest]: FileControllerTest does not declare any static, non-private, non-final, nested classes annotated with @Configuration."}
{"@timestamp":"2026-09-11T07:55:08.186610268Z","app":"bulletins","environment":"dev","instance":"KirillPC","logger_name":"org.springframework.boot.test.context.SpringBootTestContextBootstrapper","thread_name":"Test worker","level":"INFO","message":"Found @SpringBootConfiguration io.hexlet.project_devops_deploy.DemoApplication for test class io.hexlet.project_devops_deploy.controller.FileControllerTest"}
{"@timestamp":"2026-09-11T07:55:08.187718991Z","app":"bulletins","environment":"dev","instance":"KirillPC","logger_name":"org.springframework.test.context.support.AnnotationConfigContextLoaderUtils","thread_name":"Test worker","level":"INFO","message":"Could not detect default configuration classes for test class [io.hexlet.project_devops_deploy.controller.FileControllerTest]: FileControllerTest does not declare any static, non-private, non-final, nested classes annotated with @Configuration."}
{"@timestamp":"2026-09-11T07:55:08.190093506Z","app":"bulletins","environment":"dev","instance":"KirillPC","logger_name":"org.springframework.boot.test.context.SpringBootTestContextBootstrapper","thread_name":"Test worker","level":"INFO","message":"Found @SpringBootConfiguration io.hexlet.project_devops_deploy.DemoApplication for test class io.hexlet.project_devops_deploy.controller.FileControllerTest"}
{"@timestamp":"2026-09-11T07:55:08.20166147Z","app":"bulletins","environment":"dev","instance":"KirillPC","logger_name":"org.springframework.web.servlet.mvc.method.annotation.RequestMappingHandlerMapping","thread_name":"Test worker","level":"DEBUG","message":"Mapped to io.hexlet.project_devops_deploy.controller.FileController#upload(MultipartFile)"}
{"@timestamp":"2026-09-11T07:55:08.205579855Z","app":"bulletins","environment":"dev","instance":"KirillPC","logger_name":"org.springframework.web.servlet.mvc.method.annotation.RequestResponseBodyMethodProcessor","thread_name":"Test worker","level":"DEBUG","message":"Using 'application/json', given [*/*] and supported [application/json, application/*+json, application/yaml]"}
{"@timestamp":"2026-09-11T07:55:08.205842097Z","app":"bulletins","environment":"dev","instance":"KirillPC","logger_name":"org.springframework.web.servlet.mvc.method.annotation.RequestResponseBodyMethodProcessor","thread_name":"Test worker","level":"DEBUG","message":"Writing [io.hexlet.project_devops_deploy.dto.FileUploadResponse@7a456a79]"}
{"@timestamp":"2026-09-11T07:55:08.211273918Z","app":"bulletins","environment":"dev","instance":"KirillPC","logger_name":"org.springframework.web.servlet.mvc.method.annotation.RequestMappingHandlerMapping","thread_name":"Test worker","level":"DEBUG","message":"Mapped to io.hexlet.project_devops_deploy.controller.FileController#view(String)"}
{"@timestamp":"2026-09-11T07:55:08.213084343Z","app":"bulletins","environment":"dev","instance":"KirillPC","logger_name":"org.springframework.web.servlet.mvc.method.annotation.RequestResponseBodyMethodProcessor","thread_name":"Test worker","level":"DEBUG","message":"Using 'application/json', given [*/*] and supported [application/json, application/*+json, application/yaml]"}
{"@timestamp":"2026-09-11T07:55:08.213340912Z","app":"bulletins","environment":"dev","instance":"KirillPC","logger_name":"org.springframework.web.servlet.mvc.method.annotation.RequestResponseBodyMethodProcessor","thread_name":"Test worker","level":"DEBUG","message":"Writing [io.hexlet.project_devops_deploy.dto.FileUploadResponse@579f253]"}
]]></system-out>
  <system-err><![CDATA[]]></system-err>
</testsuite>
